e:\qt project\mainwindow1\x64\release\uic\ui_mainwindow1.h
e:\qt project\mainwindow1\x64\release\rcc\qrc_mainwindow1.cpp
e:\qt project\mainwindow1\x64\release\moc\moc_mainwindow1.cpp
e:\qt project\mainwindow1\x64\release\moc\moc_saveimg.cpp
e:\qt project\mainwindow1\x64\release\mainwindow1.exe
e:\qt project\mainwindow1\x64\release\qrc_mainwindow1.obj
e:\qt project\mainwindow1\x64\release\moc_mainwindow1.obj
e:\qt project\mainwindow1\x64\release\moc_saveimg.obj
e:\qt project\mainwindow1\x64\release\saveimg.obj
e:\qt project\mainwindow1\x64\release\imageprocess.obj
e:\qt project\mainwindow1\x64\release\main.obj
e:\qt project\mainwindow1\x64\release\mainwindow1.obj
e:\qt project\mainwindow1\x64\release\mainwindow1.tlog\uic.read.1u.tlog
e:\qt project\mainwindow1\x64\release\mainwindow1.tlog\rcc.read.1u.tlog
e:\qt project\mainwindow1\x64\release\mainwindow1.tlog\moc.read.1u.tlog
e:\qt project\mainwindow1\x64\release\mainwindow1.tlog\uic.write.1u.tlog
e:\qt project\mainwindow1\x64\release\mainwindow1.tlog\rcc.write.1u.tlog
e:\qt project\mainwindow1\x64\release\mainwindow1.tlog\moc.write.1u.tlog
e:\qt project\mainwindow1\x64\release\mainwindow1.tlog\mainwindow1.write.1u.tlog
e:\qt project\mainwindow1\x64\release\mainwindow1.tlog\cl.read.1.tlog
e:\qt project\mainwindow1\x64\release\mainwindow1.tlog\cl.command.1.tlog
e:\qt project\mainwindow1\x64\release\mainwindow1.tlog\link.read.1.tlog
e:\qt project\mainwindow1\x64\release\mainwindow1.tlog\link.write.1.tlog
e:\qt project\mainwindow1\x64\release\mainwindow1.tlog\link.command.1.tlog
e:\qt project\mainwindow1\x64\release\mainwindow1.tlog\cl.write.1.tlog
